Build started 8/2/2017 8:12:01 PM.
     1>Project "C:\Users\HP\Desktop\70% Submission\Projects-20170201T155140Z\Projects\Project1\Project1\Project1.vcxproj" on node 2 (Build target(s)).
     1>ClCompile:
         E:\New folder\VC\bin\CL.exe /c /ZI /nologo /W3 /WX- /sdl /Od /Oy- /D _MBCS /Gm /EHsc /RTC1 /MDd /GS /fp:precise /Zc:wchar_t /Zc:forScope /Fo"Debug\\" /Fd"Debug\vc120.pdb" /Gd /TP /analyze- /errorReport:prompt iMain.cpp
         iMain.cpp
     1>c:\users\hp\desktop\70% submission\projects-20170201t155140z\projects\project1\project1\imain.cpp(811): warning C4553: '==' : operator has no effect; did you intend '='?
     1>c:\users\hp\desktop\70% submission\projects-20170201t155140z\projects\project1\project1\imain.cpp(812): warning C4553: '==' : operator has no effect; did you intend '='?
     1>c:\users\hp\desktop\70% submission\projects-20170201t155140z\projects\project1\project1\imain.cpp(813): warning C4553: '==' : operator has no effect; did you intend '='?
     1>c:\users\hp\desktop\70% submission\projects-20170201t155140z\projects\project1\project1\imain.cpp(828): warning C4553: '==' : operator has no effect; did you intend '='?
     1>c:\users\hp\desktop\70% submission\projects-20170201t155140z\projects\project1\project1\imain.cpp(829): warning C4553: '==' : operator has no effect; did you intend '='?
     1>c:\users\hp\desktop\70% submission\projects-20170201t155140z\projects\project1\project1\imain.cpp(830): warning C4553: '==' : operator has no effect; did you intend '='?
     1>c:\users\hp\desktop\70% submission\projects-20170201t155140z\projects\project1\project1\imain.cpp(845): warning C4553: '==' : operator has no effect; did you intend '='?
     1>c:\users\hp\desktop\70% submission\projects-20170201t155140z\projects\project1\project1\imain.cpp(846): warning C4553: '==' : operator has no effect; did you intend '='?
     1>c:\users\hp\desktop\70% submission\projects-20170201t155140z\projects\project1\project1\imain.cpp(847): warning C4553: '==' : operator has no effect; did you intend '='?
       Link:
         E:\New folder\VC\bin\link.exe /ERRORREPORT:PROMPT /OUT:"C:\Users\HP\Desktop\70% Submission\Projects-20170201T155140Z\Projects\Project1\Debug\Project1.exe" /INCREMENTAL /NOLOGO kernel32.lib user32.lib gdi32.lib winspool.lib comdlg32.lib advapi32.lib shell32.lib ole32.lib oleaut32.lib uuid.lib odbc32.lib odbccp32.lib /MANIFEST /MANIFESTUAC:"level='asInvoker' uiAccess='false'" /manifest:embed /DEBUG /PDB:"C:\Users\HP\Desktop\70% Submission\Projects-20170201T155140Z\Projects\Project1\Debug\Project1.pdb" /TLBID:1 /DYNAMICBASE /NXCOMPAT /IMPLIB:"C:\Users\HP\Desktop\70% Submission\Projects-20170201T155140Z\Projects\Project1\Debug\Project1.lib" /MACHINE:X86 Debug\iMain.obj
         Project1.vcxproj -> C:\Users\HP\Desktop\70% Submission\Projects-20170201T155140Z\Projects\Project1\Debug\Project1.exe
     1>Done Building Project "C:\Users\HP\Desktop\70% Submission\Projects-20170201T155140Z\Projects\Project1\Project1\Project1.vcxproj" (Build target(s)).

Build succeeded.

Time Elapsed 00:00:04.42
